<?xml version="1.0" encoding="UTF-8"?>
<testsuite name="com.example.spring.ApplicationTests" tests="1" skipped="0" failures="0" errors="0" timestamp="2022-06-05T09:39:47" hostname="DESKTOP-LSRAN8V" time="0.675">
  <properties/>
  <testcase name="와인저장하기()" classname="com.example.spring.ApplicationTests" time="0.675"/>
  <system-out><![CDATA[18:39:38.837 [Test worker] DEBUG org.springframework.test.context.BootstrapUtils - Instantiating CacheAwareContextLoaderDelegate from class [org.springframework.test.context.cache.DefaultCacheAwareContextLoaderDelegate]
18:39:38.861 [Test worker] DEBUG org.springframework.test.context.BootstrapUtils - Instantiating BootstrapContext using constructor [public org.springframework.test.context.support.DefaultBootstrapContext(java.lang.Class,org.springframework.test.context.CacheAwareContextLoaderDelegate)]
18:39:38.936 [Test worker] DEBUG org.springframework.test.context.BootstrapUtils - Instantiating TestContextBootstrapper for test class [com.example.spring.ApplicationTests] from class [org.springframework.boot.test.context.SpringBootTestContextBootstrapper]
18:39:38.953 [Test worker] INFO org.springframework.boot.test.context.SpringBootTestContextBootstrapper - Neither @ContextConfiguration nor @ContextHierarchy found for test class [com.example.spring.ApplicationTests], using SpringBootContextLoader
18:39:38.960 [Test worker] DEBUG org.springframework.test.context.support.AbstractContextLoader - Did not detect default resource location for test class [com.example.spring.ApplicationTests]: class path resource [com/example/spring/ApplicationTests-context.xml] does not exist
18:39:38.961 [Test worker] DEBUG org.springframework.test.context.support.AbstractContextLoader - Did not detect default resource location for test class [com.example.spring.ApplicationTests]: class path resource [com/example/spring/ApplicationTestsContext.groovy] does not exist
18:39:38.961 [Test worker] INFO org.springframework.test.context.support.AbstractContextLoader - Could not detect default resource locations for test class [com.example.spring.ApplicationTests]: no resource found for suffixes {-context.xml, Context.groovy}.
18:39:38.962 [Test worker] INFO org.springframework.test.context.support.AnnotationConfigContextLoaderUtils - Could not detect default configuration classes for test class [com.example.spring.ApplicationTests]: ApplicationTests does not declare any static, non-private, non-final, nested classes annotated with @Configuration.
18:39:39.033 [Test worker] DEBUG org.springframework.test.context.support.ActiveProfilesUtils - Could not find an 'annotation declaring class' for annotation type [org.springframework.test.context.ActiveProfiles] and class [com.example.spring.ApplicationTests]
18:39:39.136 [Test worker] DEBUG org.springframework.context.annotation.ClassPathScanningCandidateComponentProvider - Identified candidate component class: file [C:\학기\Internet_programming\beer_project\project\build\classes\java\main\com\example\spring\Application.class]
18:39:39.139 [Test worker] INFO org.springframework.boot.test.context.SpringBootTestContextBootstrapper - Found @SpringBootConfiguration com.example.spring.Application for test class com.example.spring.ApplicationTests
18:39:39.329 [Test worker] DEBUG org.springframework.boot.test.context.SpringBootTestContextBootstrapper - @TestExecutionListeners is not present for class [com.example.spring.ApplicationTests]: using defaults.
18:39:39.330 [Test worker] INFO org.springframework.boot.test.context.SpringBootTestContextBootstrapper - Loaded default TestExecutionListener class names from location [META-INF/spring.factories]: [org.springframework.boot.test.autoconfigure.restdocs.RestDocsTestExecutionListener, org.springframework.boot.test.autoconfigure.web.client.MockRestServiceServerResetTestExecutionListener, org.springframework.boot.test.autoconfigure.web.servlet.MockMvcPrintOnlyOnFailureTestExecutionListener, org.springframework.boot.test.autoconfigure.web.servlet.WebDriverTestExecutionListener, org.springframework.boot.test.autoconfigure.webservices.client.MockWebServiceServerTestExecutionListener, org.springframework.boot.test.mock.mockito.MockitoTestExecutionListener, org.springframework.boot.test.mock.mockito.ResetMocksTestExecutionListener, org.springframework.test.context.web.ServletTestExecutionListener, org.springframework.test.context.support.DirtiesContextBeforeModesTestExecutionListener, org.springframework.test.context.event.ApplicationEventsTestExecutionListener, org.springframework.test.context.support.DependencyInjectionTestExecutionListener, org.springframework.test.context.support.DirtiesContextTestExecutionListener, org.springframework.test.context.transaction.TransactionalTestExecutionListener, org.springframework.test.context.jdbc.SqlScriptsTestExecutionListener, org.springframework.test.context.event.EventPublishingTestExecutionListener]
18:39:39.365 [Test worker] INFO org.springframework.boot.test.context.SpringBootTestContextBootstrapper - Using TestExecutionListeners: [org.springframework.test.context.web.ServletTestExecutionListener@7db82169, org.springframework.test.context.support.DirtiesContextBeforeModesTestExecutionListener@1992eaf4, org.springframework.test.context.event.ApplicationEventsTestExecutionListener@f74e835, org.springframework.boot.test.mock.mockito.MockitoTestExecutionListener@3276732, org.springframework.boot.test.autoconfigure.SpringBootDependencyInjectionTestExecutionListener@3f28bd56, org.springframework.test.context.support.DirtiesContextTestExecutionListener@31e3250d, org.springframework.test.context.transaction.TransactionalTestExecutionListener@19fe4644, org.springframework.test.context.jdbc.SqlScriptsTestExecutionListener@21d8bcbe, org.springframework.test.context.event.EventPublishingTestExecutionListener@5be067de, org.springframework.boot.test.autoconfigure.restdocs.RestDocsTestExecutionListener@7383eae2, org.springframework.boot.test.autoconfigure.web.client.MockRestServiceServerResetTestExecutionListener@18245eb0, org.springframework.boot.test.autoconfigure.web.servlet.MockMvcPrintOnlyOnFailureTestExecutionListener@7c7d3c46, org.springframework.boot.test.autoconfigure.web.servlet.WebDriverTestExecutionListener@24fb6a80, org.springframework.boot.test.autoconfigure.webservices.client.MockWebServiceServerTestExecutionListener@48c35007, org.springframework.boot.test.mock.mockito.ResetMocksTestExecutionListener@72a85671]
18:39:39.374 [Test worker] DEBUG org.springframework.test.context.support.AbstractDirtiesContextTestExecutionListener - Before test class: context [DefaultTestContext@62e70ea3 testClass = ApplicationTests, testInstance = [null], testMethod = [null], testException = [null], mergedContextConfiguration = [WebMergedContextConfiguration@3efe7086 testClass = ApplicationTests, locations = '{}', classes = '{class com.example.spring.Application}', contextInitializerClasses = '[]', activeProfiles = '{}', propertySourceLocations = '{}', propertySourceProperties = '{org.springframework.boot.test.context.SpringBootTestContextBootstrapper=true}', contextCustomizers = set[org.springframework.boot.test.autoconfigure.actuate.metrics.MetricsExportContextCustomizerFactory$DisableMetricExportContextCustomizer@6b88ca8c, org.springframework.boot.test.autoconfigure.properties.PropertyMappingContextCustomizer@0, org.springframework.boot.test.autoconfigure.web.servlet.WebDriverContextCustomizerFactory$Customizer@1f010bf0, org.springframework.boot.test.context.filter.ExcludeFilterContextCustomizer@177bea38, org.springframework.boot.test.json.DuplicateJsonObjectContextCustomizerFactory$DuplicateJsonObjectContextCustomizer@8ad6665, org.springframework.boot.test.mock.mockito.MockitoContextCustomizer@0, org.springframework.boot.test.web.client.TestRestTemplateContextCustomizer@535779e4, org.springframework.boot.test.context.SpringBootTestArgs@1, org.springframework.boot.test.context.SpringBootTestWebEnvironment@1eb5174b], resourceBasePath = 'src/main/webapp', contextLoader = 'org.springframework.boot.test.context.SpringBootContextLoader', parent = [null]], attributes = map['org.springframework.test.context.web.ServletTestExecutionListener.activateListener' -> true]], class annotated with @DirtiesContext [false] with mode [null].

  .   ____          _            __ _ _
 /\\ / ___'_ __ _ _(_)_ __  __ _ \ \ \ \
( ( )\___ | '_ | '_| | '_ \/ _` | \ \ \ \
 \\/  ___)| |_)| | | | | || (_| |  ) ) ) )
  '  |____| .__|_| |_|_| |_\__, | / / / /
 =========|_|==============|___/=/_/_/_/
 :: Spring Boot ::                (v2.7.0)

2022-06-05 18:39:39.910  INFO 24396 --- [    Test worker] com.example.spring.ApplicationTests      : Starting ApplicationTests using Java 15.0.2 on DESKTOP-LSRAN8V with PID 24396 (started by actio in C:\학기\Internet_programming\beer_project\project)
2022-06-05 18:39:39.911  INFO 24396 --- [    Test worker] com.example.spring.ApplicationTests      : No active profile set, falling back to 1 default profile: "default"
2022-06-05 18:39:41.166  INFO 24396 --- [    Test worker] .s.d.r.c.RepositoryConfigurationDelegate : Bootstrapping Spring Data JPA repositories in DEFAULT mode.
2022-06-05 18:39:41.282  INFO 24396 --- [    Test worker] .s.d.r.c.RepositoryConfigurationDelegate : Finished Spring Data repository scanning in 98 ms. Found 1 JPA repository interfaces.
2022-06-05 18:39:42.463  INFO 24396 --- [    Test worker] o.hibernate.jpa.internal.util.LogHelper  : HHH000204: Processing PersistenceUnitInfo [name: default]
2022-06-05 18:39:42.577  INFO 24396 --- [    Test worker] org.hibernate.Version                    : HHH000412: Hibernate ORM core version 5.6.9.Final
2022-06-05 18:39:42.888  INFO 24396 --- [    Test worker] o.hibernate.annotations.common.Version   : HCANN000001: Hibernate Commons Annotations {5.1.2.Final}
2022-06-05 18:39:43.138  INFO 24396 --- [    Test worker] com.zaxxer.hikari.HikariDataSource       : HikariPool-1 - Starting...
2022-06-05 18:39:43.848  INFO 24396 --- [    Test worker] com.zaxxer.hikari.HikariDataSource       : HikariPool-1 - Start completed.
2022-06-05 18:39:43.920  INFO 24396 --- [    Test worker] org.hibernate.dialect.Dialect            : HHH000400: Using dialect: org.hibernate.dialect.MySQL8Dialect
2022-06-05 18:39:45.310  INFO 24396 --- [    Test worker] o.h.e.t.j.p.i.JtaPlatformInitiator       : HHH000490: Using JtaPlatform implementation: [org.hibernate.engine.transaction.jta.platform.internal.NoJtaPlatform]
2022-06-05 18:39:45.325  INFO 24396 --- [    Test worker] j.LocalContainerEntityManagerFactoryBean : Initialized JPA EntityManagerFactory for persistence unit 'default'
2022-06-05 18:39:46.448  WARN 24396 --- [    Test worker] JpaBaseConfiguration$JpaWebConfiguration : spring.jpa.open-in-view is enabled by default. Therefore, database queries may be performed during view rendering. Explicitly configure spring.jpa.open-in-view to disable this warning
2022-06-05 18:39:47.897  INFO 24396 --- [    Test worker] com.example.spring.ApplicationTests      : Started ApplicationTests in 8.446 seconds (JVM running for 10.484)
Hibernate: 
    insert 
    into
        beer
        (des, foods, image, link, name, rate) 
    values
        (?, ?, ?, ?, ?, ?)
Hibernate: 
    insert 
    into
        beer
        (des, foods, image, link, name, rate) 
    values
        (?, ?, ?, ?, ?, ?)
Hibernate: 
    insert 
    into
        beer
        (des, foods, image, link, name, rate) 
    values
        (?, ?, ?, ?, ?, ?)
]]></system-out>
  <system-err><![CDATA[]]></system-err>
</testsuite>
